[info]	Namespace "nameless" was set as "concrete"
[info]	Builder initialized in directory "/home/runner/work/sbml-heta-cases/sbml-heta-cases/result/sbml/01452/l3v2".
[info]	Compilation of module "index.heta" of type "heta"...
[info]	Reading module of type "heta" from file "/home/runner/work/sbml-heta-cases/sbml-heta-cases/result/sbml/01452/l3v2/index.heta"...
[info]	Reading module of type "sbml" from file "/home/runner/work/sbml-heta-cases/sbml-heta-cases/result/sbml/01452/model-sbml-l3v2.xml"...
[error]	A_sr1 component does not exist which is not allowed for the "update" action.
[error]	A_sr2 component does not exist which is not allowed for the "update" action.
[error]	B_sr1 component does not exist which is not allowed for the "update" action.
[error]	B_sr2 component does not exist which is not allowed for the "update" action.
[error]	A_sr1 component does not exist which is not allowed for the "update" action.
[error]	A_sr2 component does not exist which is not allowed for the "update" action.
[error]	B_sr1 component does not exist which is not allowed for the "update" action.
[error]	B_sr2 component does not exist which is not allowed for the "update" action.
[info]	Setting references in elements, total length 87
[error]	A_sr1_proc Property "actors[0].target" has lost reference "A_sr1".
[error]	A_sr2_proc Property "actors[0].target" has lost reference "A_sr2".
[error]	B_sr1_proc Property "actors[0].target" has lost reference "B_sr1".
[error]	B_sr2_proc Property "actors[0].target" has lost reference "B_sr2".
[info]	Checking for circular references in Records.
[warn]	Units checking and export were skipped because of errors in compilation.