[info]	Namespace "nameless" was set as "concrete"
[info]	Builder initialized in directory "result/latest/cases/01516/l3v2".
[info]	Compilation of module "index.heta" of type "heta"...
[info]	Reading module of type "heta" from file "result/latest/cases/01516/l3v2/index.heta"...
[info]	Reading module of type "sbml" from file "result/latest/cases/01516/model-sbml-l3v2.xml"...
[error]	P2_sr component does not exist which is not allowed for the "update" action.
[error]	P3_sr component does not exist which is not allowed for the "update" action.
[error]	P4_sr component does not exist which is not allowed for the "update" action.
[error]	P5_sr component does not exist which is not allowed for the "update" action.
[error]	P6_sr component does not exist which is not allowed for the "update" action.
[error]	P7_sr component does not exist which is not allowed for the "update" action.
[error]	P8_sr component does not exist which is not allowed for the "update" action.
[error]	P9_sr component does not exist which is not allowed for the "update" action.
[error]	P10_sr component does not exist which is not allowed for the "update" action.
[error]	P11_sr component does not exist which is not allowed for the "update" action.
[error]	P12_sr component does not exist which is not allowed for the "update" action.
[error]	P13_sr component does not exist which is not allowed for the "update" action.
[error]	P14_sr component does not exist which is not allowed for the "update" action.
[error]	P15_sr component does not exist which is not allowed for the "update" action.
[error]	P16_sr component does not exist which is not allowed for the "update" action.
[error]	P17_sr component does not exist which is not allowed for the "update" action.
[error]	P18_sr component does not exist which is not allowed for the "update" action.
[error]	P19_sr component does not exist which is not allowed for the "update" action.
[error]	P20_sr component does not exist which is not allowed for the "update" action.
[error]	P21_sr component does not exist which is not allowed for the "update" action.
[error]	P22_sr component does not exist which is not allowed for the "update" action.
[error]	P23_sr component does not exist which is not allowed for the "update" action.
[error]	P24_sr component does not exist which is not allowed for the "update" action.
[error]	P25_sr component does not exist which is not allowed for the "update" action.
[error]	P26_sr component does not exist which is not allowed for the "update" action.
[error]	P27_sr component does not exist which is not allowed for the "update" action.
[error]	P28_sr component does not exist which is not allowed for the "update" action.
[error]	P29_sr component does not exist which is not allowed for the "update" action.
[error]	P30_sr component does not exist which is not allowed for the "update" action.
[error]	P31_sr component does not exist which is not allowed for the "update" action.
[error]	P32_sr component does not exist which is not allowed for the "update" action.
[error]	P33_sr component does not exist which is not allowed for the "update" action.
[error]	P34_sr component does not exist which is not allowed for the "update" action.
[error]	P35_sr component does not exist which is not allowed for the "update" action.
[error]	P36_sr component does not exist which is not allowed for the "update" action.
[error]	P37_sr component does not exist which is not allowed for the "update" action.
[error]	P38_sr component does not exist which is not allowed for the "update" action.
[error]	P39_sr component does not exist which is not allowed for the "update" action.
[info]	Setting references in elements, total length 117
[info]	Checking for circular references in Records.
[warn]	Units checking and export were skipped because of errors in compilation.