[info]	Namespace "nameless" was set as "concrete"
[info]	Builder initialized in directory "/home/runner/work/sbml-heta-cases/sbml-heta-cases/result/sbml/01486/l2v5".
[info]	Compilation of module "index.heta" of type "heta"...
[info]	Reading module of type "heta" from file "/home/runner/work/sbml-heta-cases/sbml-heta-cases/result/sbml/01486/l2v5/index.heta"...
[info]	Reading module of type "sbml" from file "/home/runner/work/sbml-heta-cases/sbml-heta-cases/result/sbml/01486/model-sbml-l2v5.xml"...
[error]	Function math "my_gt" should be a numeric expression.
[error]	Function math "my_geq" should be a numeric expression.
[error]	Function math "my_lt" should be a numeric expression.
[error]	Function math "my_leq" should be a numeric expression.
[error]	Function math "my_eq" should be a numeric expression.
[error]	Function math "my_neq" should be a numeric expression.
[error]	Function math "my_and" should be a numeric expression.
[error]	Function math "my_or" should be a numeric expression.
[error]	Function math "my_xor" should be a numeric expression.
[error]	Function math "my_not" should be a numeric expression.
[info]	Setting references in elements, total length 131
[error]	FunctionDef "sinh" is not found as expected here: my_sinh { math: sinh(x) };
[error]	FunctionDef "cosh" is not found as expected here: my_cosh { math: cosh(x) };
[error]	FunctionDef "asinh" is not found as expected here: my_arcsinh { math: asinh(x) };
[error]	FunctionDef "acosh" is not found as expected here: my_arccosh { math: acosh(x) };
[error]	FunctionDef "atanh" is not found as expected here: my_arctanh { math: atanh(x) };
[error]	FunctionDef "asech" is not found as expected here: my_arcsech { math: asech(x) };
[error]	FunctionDef "acsch" is not found as expected here: my_arccsch { math: acsch(x) };
[error]	FunctionDef "acoth" is not found as expected here: my_arccoth { math: acoth(x) };
[error]	FunctionDef "my_gt" is not found as expected here: P3 { math: undefined };
[error]	FunctionDef "my_geq" is not found as expected here: P4 { math: undefined };
[error]	FunctionDef "my_lt" is not found as expected here: P5 { math: undefined };
[error]	FunctionDef "my_leq" is not found as expected here: P6 { math: undefined };
[error]	FunctionDef "my_eq" is not found as expected here: P7 { math: undefined };
[error]	FunctionDef "my_neq" is not found as expected here: P8 { math: undefined };
[error]	FunctionDef "my_and" is not found as expected here: P10 { math: undefined };
[error]	FunctionDef "my_or" is not found as expected here: P11 { math: undefined };
[error]	FunctionDef "my_xor" is not found as expected here: P12 { math: undefined };
[error]	FunctionDef "my_not" is not found as expected here: P13 { math: undefined };
[info]	Checking for circular references in Records.
[warn]	Units checking and export were skipped because of errors in compilation.