[info]	Namespace "nameless" was set as "concrete"
[info]	Builder initialized in directory "/home/runner/work/sbml-heta-cases/sbml-heta-cases/result/sbml/01486/l3v2".
[info]	Compilation of module "index.heta" of type "heta"...
[info]	Reading module of type "heta" from file "/home/runner/work/sbml-heta-cases/sbml-heta-cases/result/sbml/01486/l3v2/index.heta"...
[info]	Reading module of type "sbml" from file "/home/runner/work/sbml-heta-cases/sbml-heta-cases/result/sbml/01486/model-sbml-l3v2.xml"...
[error]	The #defineFunction my_pi must have "arguments".
[error]	The #defineFunction my_piecewise must have "arguments".
[error]	The #defineFunction my_gt must have "arguments".
[error]	Function math "my_gt" should be a numeric expression.
[error]	The #defineFunction my_geq must have "arguments".
[error]	Function math "my_geq" should be a numeric expression.
[error]	The #defineFunction my_lt must have "arguments".
[error]	Function math "my_lt" should be a numeric expression.
[error]	The #defineFunction my_leq must have "arguments".
[error]	Function math "my_leq" should be a numeric expression.
[error]	The #defineFunction my_eq must have "arguments".
[error]	Function math "my_eq" should be a numeric expression.
[error]	The #defineFunction my_neq must have "arguments".
[error]	Function math "my_neq" should be a numeric expression.
[error]	The #defineFunction my_factorial must have "arguments".
[error]	The #defineFunction my_and must have "arguments".
[error]	Function math "my_and" should be a numeric expression.
[error]	The #defineFunction my_or must have "arguments".
[error]	Function math "my_or" should be a numeric expression.
[error]	The #defineFunction my_xor must have "arguments".
[error]	Function math "my_xor" should be a numeric expression.
[error]	The #defineFunction my_not must have "arguments".
[error]	Function math "my_not" should be a numeric expression.
[error]	The #defineFunction my_sec must have "arguments".
[error]	The #defineFunction my_csc must have "arguments".
[error]	The #defineFunction my_cot must have "arguments".
[error]	The #defineFunction my_sinh must have "arguments".
[error]	The #defineFunction my_cosh must have "arguments".
[error]	The #defineFunction my_arcsec must have "arguments".
[error]	The #defineFunction my_arccsc must have "arguments".
[error]	The #defineFunction my_arccot must have "arguments".
[error]	The #defineFunction my_arcsinh must have "arguments".
[error]	The #defineFunction my_arccosh must have "arguments".
[error]	The #defineFunction my_arctanh must have "arguments".
[error]	The #defineFunction my_arcsech must have "arguments".
[error]	The #defineFunction my_arccsch must have "arguments".
[error]	The #defineFunction my_arccoth must have "arguments".
[error]	The #defineFunction my_exponentiale must have "arguments".
[error]	The #defineFunction my_exp must have "arguments".
[info]	Setting references in elements, total length 107
[error]	FunctionDef "my_pi" is not found as expected here: P1 { math: undefined };
[error]	FunctionDef "my_piecewise" is not found as expected here: P3 { math: undefined };
[error]	FunctionDef "my_gt" is not found as expected here: P3 { math: undefined };
[error]	FunctionDef "my_piecewise" is not found as expected here: P4 { math: undefined };
[error]	FunctionDef "my_geq" is not found as expected here: P4 { math: undefined };
[error]	FunctionDef "my_piecewise" is not found as expected here: P5 { math: undefined };
[error]	FunctionDef "my_lt" is not found as expected here: P5 { math: undefined };
[error]	FunctionDef "my_piecewise" is not found as expected here: P6 { math: undefined };
[error]	FunctionDef "my_leq" is not found as expected here: P6 { math: undefined };
[error]	FunctionDef "my_piecewise" is not found as expected here: P7 { math: undefined };
[error]	FunctionDef "my_eq" is not found as expected here: P7 { math: undefined };
[error]	FunctionDef "my_piecewise" is not found as expected here: P8 { math: undefined };
[error]	FunctionDef "my_neq" is not found as expected here: P8 { math: undefined };
[error]	FunctionDef "my_factorial" is not found as expected here: P9 { math: undefined };
[error]	FunctionDef "my_piecewise" is not found as expected here: P10 { math: undefined };
[error]	FunctionDef "my_and" is not found as expected here: P10 { math: undefined };
[error]	FunctionDef "my_piecewise" is not found as expected here: P11 { math: undefined };
[error]	FunctionDef "my_or" is not found as expected here: P11 { math: undefined };
[error]	FunctionDef "my_piecewise" is not found as expected here: P12 { math: undefined };
[error]	FunctionDef "my_xor" is not found as expected here: P12 { math: undefined };
[error]	FunctionDef "my_piecewise" is not found as expected here: P13 { math: undefined };
[error]	FunctionDef "my_not" is not found as expected here: P13 { math: undefined };
[error]	FunctionDef "my_sec" is not found as expected here: P14 { math: undefined };
[error]	FunctionDef "my_csc" is not found as expected here: P15 { math: undefined };
[error]	FunctionDef "my_cot" is not found as expected here: P16 { math: undefined };
[error]	FunctionDef "my_sinh" is not found as expected here: P17 { math: undefined };
[error]	FunctionDef "my_cosh" is not found as expected here: P18 { math: undefined };
[error]	FunctionDef "my_arcsec" is not found as expected here: P19 { math: undefined };
[error]	FunctionDef "my_arccsc" is not found as expected here: P20 { math: undefined };
[error]	FunctionDef "my_arccot" is not found as expected here: P21 { math: undefined };
[error]	FunctionDef "my_arcsinh" is not found as expected here: P22 { math: undefined };
[error]	FunctionDef "my_arccosh" is not found as expected here: P23 { math: undefined };
[error]	FunctionDef "my_arctanh" is not found as expected here: P24 { math: undefined };
[error]	FunctionDef "my_arcsech" is not found as expected here: P25 { math: undefined };
[error]	FunctionDef "my_arccsch" is not found as expected here: P26 { math: undefined };
[error]	FunctionDef "my_arccoth" is not found as expected here: P27 { math: undefined };
[error]	FunctionDef "my_exponentiale" is not found as expected here: P28 { math: undefined };
[error]	FunctionDef "my_exp" is not found as expected here: P29 { math: undefined };
[info]	Checking for circular references in Records.
[warn]	Units checking and export were skipped because of errors in compilation.