[info]	Namespace "nameless" was set as "concrete"
[info]	Builder initialized in directory "result/latest/cases/01530/l3v2".
[info]	Compilation of module "index.heta" of type "heta"...
[info]	Reading module of type "heta" from file "result/latest/cases/01530/l3v2/index.heta"...
[info]	Reading module of type "sbml" from file "result/latest/cases/01530/model-sbml-l3v2.xml"...
[error]	P52 Some of properties do not satisfy requirements for class "Record"
    1. undefined must NOT have fewer than 1 characters
    2. undefined must be number
    3. undefined must be null
    4. undefined must match exactly one schema in oneOf
[info]	Setting references in elements, total length 181
[error]	FunctionDef "sinh" is not found as expected here: P40 { math: undefined };
[error]	FunctionDef "cosh" is not found as expected here: P41 { math: undefined };
[error]	FunctionDef "asinh" is not found as expected here: P45 { math: undefined };
[error]	FunctionDef "acosh" is not found as expected here: P46 { math: undefined };
[error]	FunctionDef "atanh" is not found as expected here: P47 { math: undefined };
[error]	FunctionDef "asech" is not found as expected here: P48 { math: undefined };
[error]	FunctionDef "acsch" is not found as expected here: P49 { math: undefined };
[info]	Checking for circular references in Records.
[warn]	Units checking and export were skipped because of errors in compilation.