[info]	Namespace "nameless" was set as "concrete"
[info]	Builder initialized in directory "result/latest/cases/01615/l3v2".
[info]	Compilation of module "index.heta" of type "heta"...
[info]	Reading module of type "heta" from file "result/latest/cases/01615/l3v2/index.heta"...
[info]	Reading module of type "sbml" from file "result/latest/cases/01615/model-sbml-l3v2.xml"...
[error]	id must not be a reserved word, got "E". Reserved words list: 
	 include, block, namespace, abstract, concrete, begin, end, NaN, Infinity, e, E, pi, PI, time, SOLVERTIME, default, null
[info]	Setting references in elements, total length 133
[error]	Record "R16" is not initialized. You must set "start_" or "ode_" for the record or use abstract namespace.
[error]	Record "R14" is not initialized. You must set "start_" or "ode_" for the record or use abstract namespace.
[error]	Record "R15" is not initialized. You must set "start_" or "ode_" for the record or use abstract namespace.
[error]	Record "R12" is not initialized. You must set "start_" or "ode_" for the record or use abstract namespace.
[error]	R07 Property "actors[1].target" has lost reference "E".
[error]	Record "R07" is not initialized. You must set "start_" or "ode_" for the record or use abstract namespace.
[error]	Record "R13" is not initialized. You must set "start_" or "ode_" for the record or use abstract namespace.
[error]	Record "R01" is not initialized. You must set "start_" or "ode_" for the record or use abstract namespace.
[error]	Record "R17" is not initialized. You must set "start_" or "ode_" for the record or use abstract namespace.
[error]	Record "R03" is not initialized. You must set "start_" or "ode_" for the record or use abstract namespace.
[error]	Record "R02" is not initialized. You must set "start_" or "ode_" for the record or use abstract namespace.
[error]	Record "R05" is not initialized. You must set "start_" or "ode_" for the record or use abstract namespace.
[error]	Record "R04" is not initialized. You must set "start_" or "ode_" for the record or use abstract namespace.
[error]	Record "R10" is not initialized. You must set "start_" or "ode_" for the record or use abstract namespace.
[error]	R06 Property "actors[0].target" has lost reference "E".
[error]	Record "R06" is not initialized. You must set "start_" or "ode_" for the record or use abstract namespace.
[error]	Record "R09" is not initialized. You must set "start_" or "ode_" for the record or use abstract namespace.
[error]	Record "R08" is not initialized. You must set "start_" or "ode_" for the record or use abstract namespace.
[error]	Record "R11" is not initialized. You must set "start_" or "ode_" for the record or use abstract namespace.
[error]	Record "R18" is not initialized. You must set "start_" or "ode_" for the record or use abstract namespace.
[error]	Record "R19" is not initialized. You must set "start_" or "ode_" for the record or use abstract namespace.
[error]	Record "R26" is not initialized. You must set "start_" or "ode_" for the record or use abstract namespace.
[error]	Record "R25" is not initialized. You must set "start_" or "ode_" for the record or use abstract namespace.
[error]	Record "R24" is not initialized. You must set "start_" or "ode_" for the record or use abstract namespace.
[error]	Record "R23" is not initialized. You must set "start_" or "ode_" for the record or use abstract namespace.
[error]	Record "R22" is not initialized. You must set "start_" or "ode_" for the record or use abstract namespace.
[error]	Record "R21" is not initialized. You must set "start_" or "ode_" for the record or use abstract namespace.
[error]	Record "R20" is not initialized. You must set "start_" or "ode_" for the record or use abstract namespace.
[info]	Checking for circular references in Records.
[warn]	Units checking and export were skipped because of errors in compilation.