[info]	Namespace "nameless" was set as "concrete"
[info]	Builder initialized in directory "/home/runner/work/sbml-heta-cases/sbml-heta-cases/result/latest/cases/01491/l3v2".
[info]	Compilation of module "index.heta" of type "heta"...
[info]	Reading module of type "heta" from file "/home/runner/work/sbml-heta-cases/sbml-heta-cases/result/latest/cases/01491/l3v2/index.heta"...
[info]	Reading module of type "sbml" from file "/home/runner/work/sbml-heta-cases/sbml-heta-cases/result/latest/cases/01491/model-sbml-l3v2.xml"...
[error]	my_plus0 Some of properties do not satisfy requirements for class "FunctionDef"
    1. /math should NOT be shorter than 1 characters
[error]	my_times0 Some of properties do not satisfy requirements for class "FunctionDef"
    1. /math should NOT be shorter than 1 characters
[error]	my_and0 Some of properties do not satisfy requirements for class "FunctionDef"
    1. /math should NOT be shorter than 1 characters
[error]	my_or0 Some of properties do not satisfy requirements for class "FunctionDef"
    1. /math should NOT be shorter than 1 characters
[error]	my_xor0 Some of properties do not satisfy requirements for class "FunctionDef"
    1. /math should NOT be shorter than 1 characters
[error]	Function math "my_and" should be a numeric expression.
[error]	Function math "my_or" should be a numeric expression.
[error]	Function math "my_xor" should be a numeric expression.
[error]	id must not be a reserved word, got "e". Reserved words list: 
	 include, block, namespace, abstract, concrete, begin, end, NaN, Infinity, e, E, pi, PI, time, SOLVERTIME, default
[error]	e component does not exist which is not allowed for the "update" action.
[info]	Setting references in elements, total length 85
[error]	FunctionDef "my_plus0" is not found as expected here: a { math: undefined };
[error]	FunctionDef "my_times0" is not found as expected here: b { math: undefined };
[error]	FunctionDef "my_and" is not found as expected here: c { math: undefined };
[error]	FunctionDef "my_and0" is not found as expected here: c { math: undefined };
[error]	FunctionDef "my_or" is not found as expected here: d { math: undefined };
[error]	FunctionDef "my_or0" is not found as expected here: d { math: undefined };
[info]	Checking for circular references in Records.
[warn]	Units checking and export were skipped because of errors in compilation.