[info]	Namespace "nameless" was set as "concrete"
[info]	Builder initialized in directory "/home/runner/work/sbml-heta-cases/sbml-heta-cases/result/l2v5/01530".
[info]	Compilation of module "index.heta" of type "heta"...
[info]	Reading module of type "heta" from file "/home/runner/work/sbml-heta-cases/sbml-heta-cases/result/l2v5/01530/index.heta"...
[info]	Reading module of type "sbml" from file "/home/runner/work/sbml-heta-cases/sbml-heta-cases/result/l2v5/01530/model-sbml-l2v5.xml"...
[error]	P52 Some of properties do not satisfy requirements for class "Record"
    1. /assignments/E50 should NOT be shorter than 1 characters
    2. /assignments/E50 should be number
    3. /assignments/E50 should match exactly one schema in oneOf
[warn]	Some of component properties will not be updated.
[info]	Setting references in elements, total length 187
[error]	FunctionDef "sinh" is not found as expected here: P40 { math: undefined };
[error]	FunctionDef "cosh" is not found as expected here: P41 { math: undefined };
[error]	FunctionDef "asinh" is not found as expected here: P45 { math: undefined };
[error]	FunctionDef "acosh" is not found as expected here: P46 { math: undefined };
[error]	FunctionDef "atanh" is not found as expected here: P47 { math: undefined };
[error]	FunctionDef "asech" is not found as expected here: P48 { math: undefined };
[error]	FunctionDef "acsch" is not found as expected here: P49 { math: undefined };
[info]	Checking for circular references in Records.
[warn]	Units checking and export were skipped because of errors in compilation.