[info]	Namespace "nameless" was set as "concrete"
[info]	Builder initialized in directory "/home/runner/work/sbml-heta-cases/sbml-heta-cases/result/sbml/01489/l2v5".
[info]	Compilation of module "index.heta" of type "heta"...
[info]	Reading module of type "heta" from file "/home/runner/work/sbml-heta-cases/sbml-heta-cases/result/sbml/01489/l2v5/index.heta"...
[info]	Reading module of type "sbml" from file "/home/runner/work/sbml-heta-cases/sbml-heta-cases/result/sbml/01489/model-sbml-l2v5.xml"...
[error]	my_plus Some of properties do not satisfy requirements for class "FunctionDef"
    1. /math should NOT be shorter than 1 characters
[error]	my_times Some of properties do not satisfy requirements for class "FunctionDef"
    1. /math should NOT be shorter than 1 characters
[error]	my_and Some of properties do not satisfy requirements for class "FunctionDef"
    1. /math should NOT be shorter than 1 characters
[error]	my_or Some of properties do not satisfy requirements for class "FunctionDef"
    1. /math should NOT be shorter than 1 characters
[error]	my_xor Some of properties do not satisfy requirements for class "FunctionDef"
    1. /math should NOT be shorter than 1 characters
[error]	id must not be a reserved word, got "e". Reserved words list: 
	 include, block, namespace, abstract, concrete, begin, end, NaN, Infinity, e, E, pi, PI, time, SOLVERTIME, default
[error]	e component does not exist which is not allowed for the "update" action.
[info]	Setting references in elements, total length 88
[error]	FunctionDef "my_plus" is not found as expected here: a { math: undefined };
[error]	FunctionDef "my_times" is not found as expected here: b { math: undefined };
[error]	FunctionDef "my_and" is not found as expected here: c { math: undefined };
[error]	FunctionDef "my_or" is not found as expected here: d { math: undefined };
[info]	Checking for circular references in Records.
[warn]	Units checking and export were skipped because of errors in compilation.