[info]	Namespace "nameless" was set as "concrete"
[info]	Builder initialized in directory "result/latest/cases/00951/l3v2".
[info]	Compilation of module "index.heta" of type "heta"...
[info]	Reading module of type "heta" from file "result/latest/cases/00951/l3v2/index.heta"...
[info]	Reading module of type "sbml" from file "result/latest/cases/00951/model-sbml-l3v2.xml"...
[error]	P Some of properties do not satisfy requirements for class "Const"
    1. undefined must be number
    2. undefined must be null
    3. undefined must match exactly one schema in oneOf
[error]	Q Some of properties do not satisfy requirements for class "Const"
    1. undefined must be number
    2. undefined must be null
    3. undefined must match exactly one schema in oneOf
[error]	R Some of properties do not satisfy requirements for class "Const"
    1. undefined must be number
    2. undefined must be null
    3. undefined must match exactly one schema in oneOf
[info]	Setting references in elements, total length 80
[error]	No required "num" property for "P" of Const.
[error]	No required "num" property for "Q" of Const.
[error]	No required "num" property for "R" of Const.
[info]	Checking for circular references in Records.
[warn]	Units checking and export were skipped because of errors in compilation.